f:\dev\ide\projects\retrogameframework\intermediates\glfw-win32-debug\glfw.pdb
f:\dev\ide\projects\retrogameframework\intermediates\glfw-win32-debug\glfw.idb
f:\dev\ide\projects\retrogameframework\intermediates\glfw-win32-debug\window.obj
f:\dev\ide\projects\retrogameframework\intermediates\glfw-win32-debug\win32_monitor.obj
f:\dev\ide\projects\retrogameframework\intermediates\glfw-win32-debug\win32_joystick.obj
f:\dev\ide\projects\retrogameframework\intermediates\glfw-win32-debug\win32_init.obj
f:\dev\ide\projects\retrogameframework\intermediates\glfw-win32-debug\wgl_context.obj
f:\dev\ide\projects\retrogameframework\intermediates\glfw-win32-debug\vulkan.obj
f:\dev\ide\projects\retrogameframework\intermediates\glfw-win32-debug\osmesa_context.obj
f:\dev\ide\projects\retrogameframework\intermediates\glfw-win32-debug\monitor.obj
f:\dev\ide\projects\retrogameframework\intermediates\glfw-win32-debug\init.obj
f:\dev\ide\projects\retrogameframework\intermediates\glfw-win32-debug\egl_context.obj
f:\dev\ide\projects\retrogameframework\intermediates\glfw-win32-debug\context.obj
f:\dev\ide\projects\retrogameframework\intermediates\glfw-win32-debug\win32_time.obj
f:\dev\ide\projects\retrogameframework\intermediates\glfw-win32-debug\win32_thread.obj
f:\dev\ide\projects\retrogameframework\intermediates\glfw-win32-debug\win32_window.obj
f:\dev\ide\projects\retrogameframework\intermediates\glfw-win32-debug\input.obj
f:\dev\ide\projects\retrogameframework\bin\glfw-win32-debug\glfw.lib
f:\dev\ide\projects\retrogameframework\bin\glfw-win32-debug\glfw.pdb
f:\dev\ide\projects\retrogameframework\intermediates\glfw-win32-debug\glfw.tlog\cl.command.1.tlog
f:\dev\ide\projects\retrogameframework\intermediates\glfw-win32-debug\glfw.tlog\cl.read.1.tlog
f:\dev\ide\projects\retrogameframework\intermediates\glfw-win32-debug\glfw.tlog\cl.write.1.tlog
f:\dev\ide\projects\retrogameframework\intermediates\glfw-win32-debug\glfw.tlog\lib-link.write.1.tlog
f:\dev\ide\projects\retrogameframework\intermediates\glfw-win32-debug\glfw.tlog\lib.command.1.tlog
f:\dev\ide\projects\retrogameframework\intermediates\glfw-win32-debug\glfw.tlog\lib.read.1.tlog
