  SandboxApplication.cpp
f:\dev\ide\projects\retrogameframework\retrogameframework\src\retrogf\log.h(50): warning C4251: 'RGF::Log::s_Core': class 'std::shared_ptr<RGF::Log::Logger>' needs to have dll-interface to be used by clients of class 'RGF::Log'
  f:\dev\ide\projects\retrogameframework\retrogameframework\src\retrogf\log.h(46): note: see declaration of 'std::shared_ptr<RGF::Log::Logger>'
f:\dev\ide\projects\retrogameframework\retrogameframework\src\retrogf\log.h(51): warning C4251: 'RGF::Log::s_Client': class 'std::shared_ptr<RGF::Log::Logger>' needs to have dll-interface to be used by clients of class 'RGF::Log'
  f:\dev\ide\projects\retrogameframework\retrogameframework\src\retrogf\log.h(46): note: see declaration of 'std::shared_ptr<RGF::Log::Logger>'
f:\dev\ide\projects\retrogameframework\retrogameframework\src\retrogf\log.h(71): warning C4251: 'RGF::Log::Logger::m_Name': class 'std::basic_string<char,std::char_traits<char>,std::allocator<char>>' needs to have dll-interface to be used by clients of struct 'RGF::Log::Logger'
  c:\program files (x86)\microsoft visual studio\2017\community\vc\tools\msvc\14.16.27023\include\xstring(4373): note: see declaration of 'std::basic_string<char,std::char_traits<char>,std::allocator<char>>'
f:\dev\ide\projects\retrogameframework\retrogameframework\src\retrogf\windowimpl.h(16): warning C4251: 'RGF::WindowProps::Title': class 'std::basic_string<char,std::char_traits<char>,std::allocator<char>>' needs to have dll-interface to be used by clients of struct 'RGF::WindowProps'
  c:\program files (x86)\microsoft visual studio\2017\community\vc\tools\msvc\14.16.27023\include\xstring(4373): note: see declaration of 'std::basic_string<char,std::char_traits<char>,std::allocator<char>>'
f:\dev\ide\projects\retrogameframework\retrogameframework\src\retrogf\application.h(26): warning C4251: 'RGF::Application::Window': class 'std::unique_ptr<RGF::WindowImpl,std::default_delete<_Ty>>' needs to have dll-interface to be used by clients of class 'RGF::Application'
          with
          [
              _Ty=RGF::WindowImpl
          ]
  f:\dev\ide\projects\retrogameframework\retrogameframework\src\retrogf\application.h(26): note: see declaration of 'std::unique_ptr<RGF::WindowImpl,std::default_delete<_Ty>>'
          with
          [
              _Ty=RGF::WindowImpl
          ]
  Sandbox.vcxproj -> F:\Dev\IDE\Projects\RetroGameFramework\bin\Sandbox-Win32-Debug\Sandbox.exe

Project Performance Summary:
        2 ms  F:\Dev\IDE\Projects\RetroGameFramework\RetroGameFramework\RetroGameFramework.vcxproj   4 calls
                  0 ms  GetTargetPath                              1 calls
                  1 ms  GetNativeManifest                          1 calls
                  1 ms  GetResolvedLinkLibs                        1 calls
                  0 ms  GetCopyToOutputDirectoryItems              1 calls
     1950 ms  F:\Dev\IDE\Projects\RetroGameFramework\Sandbox\Sandbox.vcxproj   1 calls
               1950 ms  Build                                      1 calls

Target Performance Summary:
        0 ms  _CheckForInvalidConfigurationAndPlatform   1 calls
        0 ms  DoLinkOutputFilesMatch                     1 calls
        0 ms  PrepareResourceNames                       1 calls
        0 ms  CreateCustomManifestResourceNames          1 calls
        0 ms  SplitResourcesByCulture                    1 calls
        0 ms  ComputeManifestInputsTargets               1 calls
        0 ms  ComputeReferenceLinkInputs                 1 calls
        0 ms  ComputeResolveLinkObj                      1 calls
        0 ms  GetResolvedLinkLibs                        1 calls
        0 ms  ComputeLinkInputsFromProject               1 calls
        0 ms  ComputeCLGeneratedLinkInputs               1 calls
        0 ms  PreLinkEvent                               1 calls
        0 ms  ComputeCLOutputs                           1 calls
        0 ms  ComputeManifestGeneratedLinkerInputs       1 calls
        0 ms  ComputeRCGeneratedLinkInputs               1 calls
        0 ms  ComputeRCOutputs                           1 calls
        0 ms  BeforeLink                                 1 calls
        0 ms  BuildLinkTraverse                          1 calls
        0 ms  BuildCompile                               1 calls
        0 ms  _BuildCompileAction                        1 calls
        0 ms  AfterBuildCompileEvent                     1 calls
        0 ms  AfterResourceCompile                       1 calls
        0 ms  MakeDirsForResourceCompile                 1 calls
        0 ms  ComputeCustomBuildOutput                   1 calls
        0 ms  BeforeResourceCompile                      1 calls
        0 ms  ComputeLinkSwitches                        1 calls
        0 ms  AfterLink                                  1 calls
        0 ms  AfterBuild                                 1 calls
        0 ms  BuildLink                                  1 calls
        0 ms  _BuildLinkAction                           1 calls
        0 ms  PrepareForRun                              1 calls
        0 ms  _CheckForCompileOutputs                    1 calls
        0 ms  _CopySourceItemsToOutputDirectory          1 calls
        0 ms  GetCopyToOutputDirectoryXamlAppDefs        1 calls
        0 ms  _Deploy                                    1 calls
        0 ms  _Appverifier                               1 calls
        0 ms  CreateSatelliteAssemblies                  1 calls
        0 ms  ComputeLinkImportLibraryOutputsForClean    1 calls
        0 ms  _GenerateSatelliteAssemblyInputs           1 calls
        0 ms  MakeDirsForBscMake                         1 calls
        0 ms  ComputeCLCompileGeneratedSbrFiles          1 calls
        0 ms  _XdcMake                                   1 calls
        0 ms  MakeDirsForXdcMake                         1 calls
        0 ms  ComputeCLCompileGeneratedXDCFiles          1 calls
        0 ms  ResolvedXDCMake                            1 calls
        0 ms  RegisterOutput                             1 calls
        0 ms  _Manifest                                  1 calls
        0 ms  _ALink                                     1 calls
        0 ms  _Link                                      1 calls
        0 ms  _BscMake                                   1 calls
        0 ms  _ClCompile                                 1 calls
        0 ms  _ResourceCompile                           1 calls
        0 ms  ResolveReferences                          1 calls
        0 ms  BeforeBuildGenerateSources                 1 calls
        0 ms  BuildGenerateSourcesTraverse               1 calls
        0 ms  AfterClCompile                             1 calls
        0 ms  AfterResolveReferences                     1 calls
        0 ms  ResolveAssemblyReferences                  1 calls
        0 ms  ExpandSDKReferences                        1 calls
        0 ms  SetCABuildNativeEnvironmentVariables       1 calls
        0 ms  _CheckWindowsSDKInstalled                  1 calls
        0 ms  GetResolvedWinMD                           1 calls
        0 ms  SetBuildDefaultEnvironmentVariables        1 calls
        0 ms  GetReferenceAssemblyPaths                  1 calls
        0 ms  GetFrameworkPaths                          1 calls
        0 ms  GetTargetPath                              1 calls
        0 ms  PrepareProjectReferences                   1 calls
        0 ms  _GetProjectReferenceTargetFrameworkProperties   1 calls
        0 ms  AssignProjectConfiguration                 1 calls
        0 ms  BeforeResolveReferences                    1 calls
        0 ms  _PrepareForReferenceResolution             1 calls
        0 ms  _PrepareForBuild                           1 calls
        0 ms  _SelectedFiles                             1 calls
        0 ms  CopyFileToFolders                          1 calls
        0 ms  Build                                      1 calls
        0 ms  BeforeClCompile                            1 calls
        0 ms  ComputeReferenceCLInput                    1 calls
        0 ms  _Xsd                                       1 calls
        0 ms  WarnCompileDuplicatedFilename              1 calls
        0 ms  BuildGenerateSources                       1 calls
        0 ms  _BuildGenerateSourcesAction                1 calls
        0 ms  FixupCLCompileOptions                      1 calls
        0 ms  AfterBuildGenerateSourcesEvent             1 calls
        0 ms  ComputeCLInputPDBName                      1 calls
        0 ms  AfterBuildGenerateSources                  1 calls
        0 ms  AfterMidl                                  1 calls
        0 ms  SelectCustomBuild                          1 calls
        0 ms  ComputeMIDLGeneratedCompileInputs          1 calls
        0 ms  SelectClCompile                            1 calls
        0 ms  MakeDirsForMidl                            1 calls
        0 ms  _Midl                                      1 calls
        1 ms  BuildCompileTraverse                       1 calls
        1 ms  MakeDirsForCl                              1 calls
        1 ms  GetNativeManifest                          1 calls
        1 ms  _SplitProjectReferencesByFileExistence     1 calls
        1 ms  GetCopyToOutputDirectoryItems              1 calls
        1 ms  CopyFilesToOutputDirectory                 1 calls
        1 ms  AssignTargetPaths                          1 calls
        1 ms  ResolveSDKReferences                       1 calls
        1 ms  MakeDirsForLink                            1 calls
        1 ms  _RemoveNameMetadataFromProjectReferenceItems   1 calls
        1 ms  PlatformPrepareForBuild                    1 calls
        1 ms  ComputeLegacyManifestEmbedding             1 calls
        1 ms  SetTelemetryEnvironmentVariables           1 calls
        1 ms  PreBuildEvent                              1 calls
        2 ms  FinalizeBuildStatus                        1 calls
        2 ms  InitializeBuildStatus                      1 calls
        2 ms  PrepareForBuild                            1 calls
        2 ms  PostBuildEvent                             1 calls
        3 ms  ResolvedLinkLib                            1 calls
        4 ms  ResolveProjectReferences                   1 calls
      317 ms  Link                                       1 calls
     1601 ms  ClCompile                                  1 calls

Task Performance Summary:
        0 ms  Message                                    3 calls
        0 ms  AssignProjectConfiguration                 1 calls
        0 ms  ResolveNonMSBuildProjectOutput             1 calls
        0 ms  ReadLinesFromFile                          1 calls
        0 ms  WriteLinesToFile                           1 calls
        0 ms  GetOutOfDateItems                          1 calls
        0 ms  AssignCulture                              1 calls
        1 ms  Delete                                     1 calls
        1 ms  MakeDir                                    9 calls
        1 ms  AssignTargetPath                           6 calls
        1 ms  SetEnv                                     8 calls
        2 ms  Touch                                      2 calls
        7 ms  MSBuild                                    4 calls
      316 ms  Link                                       1 calls
     1600 ms  CL                                         1 calls
