f:\dev\ide\projects\retrogameframework\intermediates\retrogameframework-win32-debug\retrogameframework.pch
f:\dev\ide\projects\retrogameframework\intermediates\retrogameframework-win32-debug\vc141.pdb
f:\dev\ide\projects\retrogameframework\intermediates\retrogameframework-win32-debug\vc141.idb
f:\dev\ide\projects\retrogameframework\intermediates\retrogameframework-win32-debug\rgfpch.obj
f:\dev\ide\projects\retrogameframework\intermediates\retrogameframework-win32-debug\windowswindow.obj
f:\dev\ide\projects\retrogameframework\intermediates\retrogameframework-win32-debug\log.obj
f:\dev\ide\projects\retrogameframework\intermediates\retrogameframework-win32-debug\application.obj
f:\dev\ide\projects\retrogameframework\bin\retrogameframework-win32-debug\retrogameframework.ilk
f:\dev\ide\projects\retrogameframework\bin\retrogameframework-win32-debug\retrogameframework.dll
f:\dev\ide\projects\retrogameframework\bin\retrogameframework-win32-debug\retrogameframework.pdb
f:\dev\ide\projects\retrogameframework\bin\retrogameframework-win32-debug\retrogameframework.lib
f:\dev\ide\projects\retrogameframework\bin\retrogameframework-win32-debug\retrogameframework.exp
f:\dev\ide\projects\retrogameframework\intermediates\retrogameframework-win32-debug\retrogam.1db95a5f.tlog\cl.command.1.tlog
f:\dev\ide\projects\retrogameframework\intermediates\retrogameframework-win32-debug\retrogam.1db95a5f.tlog\cl.read.1.tlog
f:\dev\ide\projects\retrogameframework\intermediates\retrogameframework-win32-debug\retrogam.1db95a5f.tlog\cl.write.1.tlog
f:\dev\ide\projects\retrogameframework\intermediates\retrogameframework-win32-debug\retrogam.1db95a5f.tlog\link.2328.delete.1.tlog
f:\dev\ide\projects\retrogameframework\intermediates\retrogameframework-win32-debug\retrogam.1db95a5f.tlog\link.5492.delete.1.tlog
f:\dev\ide\projects\retrogameframework\intermediates\retrogameframework-win32-debug\retrogam.1db95a5f.tlog\link.command.1.tlog
f:\dev\ide\projects\retrogameframework\intermediates\retrogameframework-win32-debug\retrogam.1db95a5f.tlog\link.read.1.tlog
f:\dev\ide\projects\retrogameframework\intermediates\retrogameframework-win32-debug\retrogam.1db95a5f.tlog\link.write.1.tlog
f:\dev\ide\projects\retrogameframework\intermediates\retrogameframework-win32-debug\retrogam.1db95a5f.tlog\retrogameframework.write.1u.tlog
